<?xml version="1.0" encoding="UTF-8"?>
<!-- Generated by org.testng.reporters.JUnitReportReporter -->
<testsuite skipped="0" hostname="PC-" name="login.LoginTest" tests="3" failures="0" timestamp="2020-07-14T21:00:23 CEST" time="1.132" errors="0">
  <testcase name="loginWithout" time="0.309" classname="login.LoginTest"/>
  <system-out/>
  <testcase name="leaveUserNameEmpty" time="0.495" classname="login.LoginTest"/>
  <system-out/>
  <testcase name="leavePasswordEmpty" time="0.328" classname="login.LoginTest"/>
  <system-out/>
</testsuite> <!-- login.LoginTest -->
