<?xml version="1.0" encoding="UTF-8"?>
<!-- Generated by org.testng.reporters.JUnitReportReporter -->
<testsuite skipped="0" hostname="PC-" name="cart.PickCartsTest" tests="1" failures="0" timestamp="2020-07-14T21:01:44 CEST" time="3.424" errors="0">
  <testcase name="logInNormal" time="3.424" classname="cart.PickCartsTest"/>
  <system-out/>
</testsuite> <!-- cart.PickCartsTest -->
