<?xml version="1.0" encoding="UTF-8"?>
<!-- Generated by org.testng.reporters.JUnitReportReporter -->
<testsuite skipped="0" hostname="PC-" name="login.PickCartsTest" tests="1" failures="0" timestamp="2020-07-11T16:59:47 CEST" time="0.631" errors="0">
  <testcase name="loginNormal" time="0.631" classname="login.PickCartsTest"/>
  <system-out/>
</testsuite> <!-- login.PickCartsTest -->
